<?xml version="1.0" encoding="UTF-8"?>
<testsuite name="com.ryan.book.springboot.web.dto.HelloResponseDtoTest" tests="1" skipped="0" failures="0" errors="0" timestamp="2021-05-04T16:50:56" hostname="Ryan-desktop" time="0.003">
  <properties/>
  <testcase name="testLombok" classname="com.ryan.book.springboot.web.dto.HelloResponseDtoTest" time="0.003"/>
  <system-out><![CDATA[]]></system-out>
  <system-err><![CDATA[]]></system-err>
</testsuite>
